You are using the solver couenne.
Checking ampl.mod for couenne_options...
Executing AMPL.
processing data.
processing commands.
Executing on prod-exec-6.neos-server.org

2 variables, all nonlinear
0 constraints
1 nonlinear objective; 2 nonzeros.

Couenne 0.5.8 -- an Open-Source solver for Mixed Integer Nonlinear Optimization
Mailing list: couenne@list.coin-or.org
Instructions: http://www.coin-or.org/Couenne
couenne: 
ANALYSIS TEST: Couenne: new cutoff value 0.0000000000e+00 (0.004354 seconds)
NLP0012I 
              Num      Status      Obj             It       time                 Location
NLP0014I             1         OPT -7.1004602        6 0.001327
Couenne: new cutoff value -7.1004601926e+00 (0.006061 seconds)
Loaded instance "/tmp/neos-174773/at174774.nl"
Constraints:            0
Variables:              2 (0 integer)
Auxiliaries:            8 (0 integer)

Coin0506I Presolve 36 (0) rows, 10 (0) columns and 80 (0) elements
Clp0006I 0  Obj -4624.1767 Primal inf 2524.8242 (12)
Clp0006I 8  Obj -1686.9043
Clp0000I Optimal - objective value -1686.9043
Clp0032I Optimal objective -1686.904346 - 8 iterations time 0.002
Clp0000I Optimal - objective value -1686.9043
Cbc0012I Integer solution of -7.1004602 found by Couenne Rounding NLP after 0 iterations and 0 nodes (0.00 seconds)
NLP Heuristic: NLP0014I             2         OPT -9.0155223        7 0.001861
Couenne: new cutoff value -9.0155222644e+00 (0.008672 seconds)
solution found, obj. -9.01552
Cbc0012I Integer solution of -9.0155223 found by Couenne Rounding NLP after 0 iterations and 0 nodes (0.00 seconds)
Clp0000I Optimal - objective value -1686.9043
Optimality Based BT: 2 improved bounds
Probing: 5 improved bounds
NLP Heuristic: no solution.
Cbc0031I 8 added rows had average density of 2.125
Cbc0013I At root node, 8 cuts changed objective from -1686.9043 to -91.216202 in 14 passes
Cbc0014I Cut generator 0 (Couenne convexifier cuts) - 46 row cuts average 2.0 elements, 14 column cuts (14 active)
Cbc0010I After 0 nodes, 1 on tree, -9.0155223 best solution, best possible -91.216202 (0.01 seconds)
Optimality Based BT: 2 improved bounds
Optimality Based BT: 0 improved bounds
Optimality Based BT: 3 improved bounds
Optimality Based BT: 1 improved bounds
Cbc0010I After 100 nodes, 17 on tree, -9.0155223 best solution, best possible -9.0155834 (0.05 seconds)
Cbc0010I After 200 nodes, 51 on tree, -9.0155223 best solution, best possible -9.0155646 (0.06 seconds)
Cbc0010I After 300 nodes, 71 on tree, -9.0155223 best solution, best possible -9.0155645 (0.07 seconds)
Cbc0010I After 400 nodes, 93 on tree, -9.0155223 best solution, best possible -9.0155645 (0.08 seconds)
Cbc0010I After 500 nodes, 116 on tree, -9.0155223 best solution, best possible -9.0155645 (0.09 seconds)
Cbc0010I After 600 nodes, 137 on tree, -9.0155223 best solution, best possible -9.0155644 (0.10 seconds)
Cbc0010I After 700 nodes, 160 on tree, -9.0155223 best solution, best possible -9.0155644 (0.11 seconds)
Cbc0010I After 800 nodes, 179 on tree, -9.0155223 best solution, best possible -9.0155643 (0.12 seconds)
Cbc0010I After 900 nodes, 201 on tree, -9.0155223 best solution, best possible -9.0155643 (0.13 seconds)
Cbc0010I After 1000 nodes, 220 on tree, -9.0155223 best solution, best possible -9.0155642 (0.15 seconds)
Cbc0010I After 1100 nodes, 241 on tree, -9.0155223 best solution, best possible -9.0155642 (0.16 seconds)
Cbc0010I After 1200 nodes, 259 on tree, -9.0155223 best solution, best possible -9.0155642 (0.17 seconds)
Cbc0010I After 1300 nodes, 280 on tree, -9.0155223 best solution, best possible -9.0155641 (0.18 seconds)
Cbc0010I After 1400 nodes, 301 on tree, -9.0155223 best solution, best possible -9.0155641 (0.19 seconds)
Cbc0010I After 1500 nodes, 321 on tree, -9.0155223 best solution, best possible -9.0155641 (0.20 seconds)
Cbc0010I After 1600 nodes, 342 on tree, -9.0155223 best solution, best possible -9.015564 (0.21 seconds)
Cbc0010I After 1700 nodes, 362 on tree, -9.0155223 best solution, best possible -9.015564 (0.22 seconds)
Cbc0010I After 1800 nodes, 381 on tree, -9.0155223 best solution, best possible -9.0155639 (0.23 seconds)
Cbc0010I After 1900 nodes, 401 on tree, -9.0155223 best solution, best possible -9.0155639 (0.24 seconds)
Cbc0010I After 2000 nodes, 423 on tree, -9.0155223 best solution, best possible -9.0155639 (0.25 seconds)
Cbc0010I After 2100 nodes, 439 on tree, -9.0155223 best solution, best possible -9.0155638 (0.26 seconds)
Cbc0010I After 2200 nodes, 458 on tree, -9.0155223 best solution, best possible -9.0155638 (0.27 seconds)
Cbc0010I After 2300 nodes, 475 on tree, -9.0155223 best solution, best possible -9.0155638 (0.28 seconds)
Cbc0010I After 2400 nodes, 490 on tree, -9.0155223 best solution, best possible -9.0155637 (0.29 seconds)
Cbc0010I After 2500 nodes, 505 on tree, -9.0155223 best solution, best possible -9.0155637 (0.30 seconds)
Cbc0010I After 2600 nodes, 523 on tree, -9.0155223 best solution, best possible -9.0155636 (0.31 seconds)
Cbc0010I After 2700 nodes, 541 on tree, -9.0155223 best solution, best possible -9.0155635 (0.32 seconds)
Cbc0010I After 2800 nodes, 553 on tree, -9.0155223 best solution, best possible -9.0155635 (0.33 seconds)
Cbc0010I After 2900 nodes, 569 on tree, -9.0155223 best solution, best possible -9.0155634 (0.34 seconds)
Cbc0010I After 3000 nodes, 587 on tree, -9.0155223 best solution, best possible -9.0155633 (0.35 seconds)
Cbc0010I After 3100 nodes, 604 on tree, -9.0155223 best solution, best possible -9.0155632 (0.36 seconds)
Cbc0010I After 3200 nodes, 621 on tree, -9.0155223 best solution, best possible -9.0155632 (0.37 seconds)
Cbc0010I After 3300 nodes, 638 on tree, -9.0155223 best solution, best possible -9.0155632 (0.38 seconds)
Cbc0010I After 3400 nodes, 653 on tree, -9.0155223 best solution, best possible -9.0155631 (0.39 seconds)
Cbc0010I After 3500 nodes, 671 on tree, -9.0155223 best solution, best possible -9.0155631 (0.40 seconds)
Cbc0010I After 3600 nodes, 687 on tree, -9.0155223 best solution, best possible -9.0155631 (0.41 seconds)
Cbc0010I After 3700 nodes, 704 on tree, -9.0155223 best solution, best possible -9.015563 (0.42 seconds)
Cbc0010I After 3800 nodes, 720 on tree, -9.0155223 best solution, best possible -9.015563 (0.43 seconds)
Cbc0010I After 3900 nodes, 735 on tree, -9.0155223 best solution, best possible -9.015563 (0.43 seconds)
Cbc0010I After 4000 nodes, 752 on tree, -9.0155223 best solution, best possible -9.0155629 (0.44 seconds)
Cbc0010I After 4100 nodes, 767 on tree, -9.0155223 best solution, best possible -9.0155629 (0.45 seconds)
Cbc0010I After 4200 nodes, 783 on tree, -9.0155223 best solution, best possible -9.0155629 (0.46 seconds)
Cbc0010I After 4300 nodes, 798 on tree, -9.0155223 best solution, best possible -9.0155628 (0.47 seconds)
Cbc0010I After 4400 nodes, 815 on tree, -9.0155223 best solution, best possible -9.0155628 (0.48 seconds)
Cbc0010I After 4500 nodes, 831 on tree, -9.0155223 best solution, best possible -9.0155628 (0.49 seconds)
Cbc0010I After 4600 nodes, 849 on tree, -9.0155223 best solution, best possible -9.0155628 (0.50 seconds)
Cbc0010I After 4700 nodes, 861 on tree, -9.0155223 best solution, best possible -9.0155627 (0.50 seconds)
Cbc0010I After 4800 nodes, 879 on tree, -9.0155223 best solution, best possible -9.0155627 (0.51 seconds)
Cbc0010I After 4900 nodes, 893 on tree, -9.0155223 best solution, best possible -9.0155627 (0.52 seconds)
Cbc0010I After 5000 nodes, 911 on tree, -9.0155223 best solution, best possible -9.0155626 (0.52 seconds)
Cbc0010I After 5100 nodes, 930 on tree, -9.0155223 best solution, best possible -9.0155626 (0.53 seconds)
Cbc0010I After 5200 nodes, 943 on tree, -9.0155223 best solution, best possible -9.0155626 (0.54 seconds)
Cbc0010I After 5300 nodes, 961 on tree, -9.0155223 best solution, best possible -9.0155626 (0.55 seconds)
Cbc0010I After 5400 nodes, 976 on tree, -9.0155223 best solution, best possible -9.0155625 (0.56 seconds)
Cbc0010I After 5500 nodes, 991 on tree, -9.0155223 best solution, best possible -9.0155625 (0.56 seconds)
Cbc0010I After 5600 nodes, 1008 on tree, -9.0155223 best solution, best possible -9.0155625 (0.57 seconds)
Cbc0010I After 5700 nodes, 1022 on tree, -9.0155223 best solution, best possible -9.0155624 (0.58 seconds)
Cbc0010I After 5800 nodes, 1038 on tree, -9.0155223 best solution, best possible -9.0155624 (0.59 seconds)
Cbc0010I After 5900 nodes, 1054 on tree, -9.0155223 best solution, best possible -9.0155623 (0.60 seconds)
Cbc0010I After 6000 nodes, 1071 on tree, -9.0155223 best solution, best possible -9.0155623 (0.61 seconds)
Cbc0010I After 6100 nodes, 1086 on tree, -9.0155223 best solution, best possible -9.0155622 (0.62 seconds)
Cbc0010I After 6200 nodes, 1102 on tree, -9.0155223 best solution, best possible -9.0155622 (0.63 seconds)
Cbc0010I After 6300 nodes, 1122 on tree, -9.0155223 best solution, best possible -9.0155621 (0.64 seconds)
Cbc0010I After 6400 nodes, 1140 on tree, -9.0155223 best solution, best possible -9.0155621 (0.65 seconds)
Cbc0010I After 6500 nodes, 1155 on tree, -9.0155223 best solution, best possible -9.015562 (0.66 seconds)
Cbc0010I After 6600 nodes, 1180 on tree, -9.0155223 best solution, best possible -9.0155619 (0.67 seconds)
Cbc0010I After 6700 nodes, 1191 on tree, -9.0155223 best solution, best possible -9.0155619 (0.68 seconds)
Cbc0010I After 6800 nodes, 1210 on tree, -9.0155223 best solution, best possible -9.0155618 (0.69 seconds)
Cbc0010I After 6900 nodes, 1227 on tree, -9.0155223 best solution, best possible -9.0155617 (0.70 seconds)
Cbc0010I After 7000 nodes, 1244 on tree, -9.0155223 best solution, best possible -9.0155617 (0.71 seconds)
Cbc0010I After 7100 nodes, 1261 on tree, -9.0155223 best solution, best possible -9.0155616 (0.72 seconds)
Cbc0010I After 7200 nodes, 1276 on tree, -9.0155223 best solution, best possible -9.0155616 (0.73 seconds)
Cbc0010I After 7300 nodes, 1294 on tree, -9.0155223 best solution, best possible -9.0155615 (0.74 seconds)
Cbc0010I After 7400 nodes, 1310 on tree, -9.0155223 best solution, best possible -9.0155614 (0.75 seconds)
Cbc0010I After 7500 nodes, 1328 on tree, -9.0155223 best solution, best possible -9.0155614 (0.76 seconds)
Cbc0010I After 7600 nodes, 1346 on tree, -9.0155223 best solution, best possible -9.0155613 (0.77 seconds)
Cbc0010I After 7700 nodes, 1366 on tree, -9.0155223 best solution, best possible -9.0155612 (0.78 seconds)
Cbc0010I After 7800 nodes, 1385 on tree, -9.0155223 best solution, best possible -9.0155612 (0.79 seconds)
Cbc0010I After 7900 nodes, 1403 on tree, -9.0155223 best solution, best possible -9.0155611 (0.80 seconds)
Cbc0010I After 8000 nodes, 1422 on tree, -9.0155223 best solution, best possible -9.015561 (0.80 seconds)
Cbc0010I After 8100 nodes, 1440 on tree, -9.0155223 best solution, best possible -9.015561 (0.81 seconds)
Cbc0010I After 8200 nodes, 1456 on tree, -9.0155223 best solution, best possible -9.0155609 (0.82 seconds)
Cbc0010I After 8300 nodes, 1474 on tree, -9.0155223 best solution, best possible -9.0155609 (0.83 seconds)
Cbc0010I After 8400 nodes, 1492 on tree, -9.0155223 best solution, best possible -9.0155608 (0.84 seconds)
Cbc0010I After 8500 nodes, 1511 on tree, -9.0155223 best solution, best possible -9.0155607 (0.85 seconds)
Cbc0010I After 8600 nodes, 1527 on tree, -9.0155223 best solution, best possible -9.0155607 (0.86 seconds)
Cbc0010I After 8700 nodes, 1540 on tree, -9.0155223 best solution, best possible -9.0155606 (0.87 seconds)
Cbc0010I After 8800 nodes, 1560 on tree, -9.0155223 best solution, best possible -9.0155605 (0.88 seconds)
Cbc0010I After 8900 nodes, 1578 on tree, -9.0155223 best solution, best possible -9.0155605 (0.89 seconds)
Cbc0010I After 9000 nodes, 1596 on tree, -9.0155223 best solution, best possible -9.0155604 (0.90 seconds)
Cbc0010I After 9100 nodes, 1613 on tree, -9.0155223 best solution, best possible -9.0155604 (0.90 seconds)
Cbc0010I After 9200 nodes, 1630 on tree, -9.0155223 best solution, best possible -9.0155603 (0.91 seconds)
Cbc0010I After 9300 nodes, 1648 on tree, -9.0155223 best solution, best possible -9.0155602 (0.92 seconds)
Cbc0010I After 9400 nodes, 1665 on tree, -9.0155223 best solution, best possible -9.0155602 (0.94 seconds)
Cbc0010I After 9500 nodes, 1682 on tree, -9.0155223 best solution, best possible -9.0155601 (0.94 seconds)
Cbc0010I After 9600 nodes, 1698 on tree, -9.0155223 best solution, best possible -9.01556 (0.96 seconds)
Cbc0010I After 9700 nodes, 1715 on tree, -9.0155223 best solution, best possible -9.01556 (0.97 seconds)
Cbc0010I After 9800 nodes, 1731 on tree, -9.0155223 best solution, best possible -9.0155599 (0.98 seconds)
Cbc0010I After 9900 nodes, 1749 on tree, -9.0155223 best solution, best possible -9.0155598 (0.99 seconds)
Cbc0010I After 10000 nodes, 1766 on tree, -9.0155223 best solution, best possible -9.0155598 (1.00 seconds)
Cbc0010I After 10100 nodes, 1784 on tree, -9.0155223 best solution, best possible -9.0155597 (1.01 seconds)
Cbc0010I After 10200 nodes, 1801 on tree, -9.0155223 best solution, best possible -9.0155596 (1.02 seconds)
Cbc0010I After 10300 nodes, 1817 on tree, -9.0155223 best solution, best possible -9.0155596 (1.03 seconds)
Cbc0010I After 10400 nodes, 1835 on tree, -9.0155223 best solution, best possible -9.0155595 (1.04 seconds)
Cbc0010I After 10500 nodes, 1852 on tree, -9.0155223 best solution, best possible -9.0155595 (1.05 seconds)
Cbc0010I After 10600 nodes, 1870 on tree, -9.0155223 best solution, best possible -9.0155594 (1.06 seconds)
Cbc0010I After 10700 nodes, 1885 on tree, -9.0155223 best solution, best possible -9.0155593 (1.07 seconds)
Cbc0010I After 10800 nodes, 1902 on tree, -9.0155223 best solution, best possible -9.0155593 (1.08 seconds)
Cbc0010I After 10900 nodes, 1922 on tree, -9.0155223 best solution, best possible -9.0155592 (1.09 seconds)
Cbc0010I After 11000 nodes, 1938 on tree, -9.0155223 best solution, best possible -9.0155591 (1.10 seconds)
Cbc0010I After 11100 nodes, 1951 on tree, -9.0155223 best solution, best possible -9.015559 (1.11 seconds)
Cbc0010I After 11200 nodes, 1960 on tree, -9.0155223 best solution, best possible -9.0155589 (1.12 seconds)
Cbc0010I After 11300 nodes, 1974 on tree, -9.0155223 best solution, best possible -9.0155588 (1.13 seconds)
Cbc0010I After 11400 nodes, 1984 on tree, -9.0155223 best solution, best possible -9.0155588 (1.14 seconds)
Cbc0010I After 11500 nodes, 1998 on tree, -9.0155223 best solution, best possible -9.0155586 (1.14 seconds)
Cbc0010I After 11600 nodes, 2011 on tree, -9.0155223 best solution, best possible -9.0155586 (1.16 seconds)
Cbc0010I After 11700 nodes, 2022 on tree, -9.0155223 best solution, best possible -9.0155585 (1.16 seconds)
Cbc0010I After 11800 nodes, 2033 on tree, -9.0155223 best solution, best possible -9.0155584 (1.17 seconds)
Cbc0010I After 11900 nodes, 2043 on tree, -9.0155223 best solution, best possible -9.0155583 (1.18 seconds)
Cbc0010I After 12000 nodes, 2055 on tree, -9.0155223 best solution, best possible -9.0155582 (1.19 seconds)
Cbc0010I After 12100 nodes, 2066 on tree, -9.0155223 best solution, best possible -9.0155581 (1.20 seconds)
Cbc0010I After 12200 nodes, 2077 on tree, -9.0155223 best solution, best possible -9.015558 (1.21 seconds)
Cbc0010I After 12300 nodes, 2090 on tree, -9.0155223 best solution, best possible -9.0155579 (1.22 seconds)
Cbc0010I After 12400 nodes, 2095 on tree, -9.0155223 best solution, best possible -9.0155577 (1.23 seconds)
Cbc0010I After 12500 nodes, 2102 on tree, -9.0155223 best solution, best possible -9.0155576 (1.24 seconds)
Cbc0010I After 12600 nodes, 2110 on tree, -9.0155223 best solution, best possible -9.0155575 (1.25 seconds)
Cbc0010I After 12700 nodes, 2124 on tree, -9.0155223 best solution, best possible -9.0155573 (1.26 seconds)
Cbc0010I After 12800 nodes, 2137 on tree, -9.0155223 best solution, best possible -9.0155571 (1.27 seconds)
Cbc0010I After 12900 nodes, 2150 on tree, -9.0155223 best solution, best possible -9.015557 (1.28 seconds)
Cbc0010I After 13000 nodes, 2166 on tree, -9.0155223 best solution, best possible -9.0155568 (1.29 seconds)
Cbc0010I After 13100 nodes, 2178 on tree, -9.0155223 best solution, best possible -9.0155566 (1.30 seconds)
Cbc0010I After 13200 nodes, 2192 on tree, -9.0155223 best solution, best possible -9.0155564 (1.31 seconds)
Cbc0010I After 13300 nodes, 2202 on tree, -9.0155223 best solution, best possible -9.0155563 (1.32 seconds)
Cbc0010I After 13400 nodes, 2216 on tree, -9.0155223 best solution, best possible -9.0155561 (1.32 seconds)
Cbc0010I After 13500 nodes, 2238 on tree, -9.0155223 best solution, best possible -9.015556 (1.33 seconds)
Cbc0010I After 13600 nodes, 2253 on tree, -9.0155223 best solution, best possible -9.0155559 (1.34 seconds)
Cbc0010I After 13700 nodes, 2271 on tree, -9.0155223 best solution, best possible -9.0155558 (1.35 seconds)
Cbc0010I After 13800 nodes, 2286 on tree, -9.0155223 best solution, best possible -9.0155556 (1.36 seconds)
Cbc0010I After 13900 nodes, 2303 on tree, -9.0155223 best solution, best possible -9.0155555 (1.37 seconds)
Cbc0010I After 14000 nodes, 2319 on tree, -9.0155223 best solution, best possible -9.0155553 (1.38 seconds)
Cbc0010I After 14100 nodes, 2337 on tree, -9.0155223 best solution, best possible -9.0155552 (1.39 seconds)
Cbc0010I After 14200 nodes, 2353 on tree, -9.0155223 best solution, best possible -9.015555 (1.40 seconds)
Cbc0010I After 14300 nodes, 2369 on tree, -9.0155223 best solution, best possible -9.0155549 (1.41 seconds)
Cbc0010I After 14400 nodes, 2384 on tree, -9.0155223 best solution, best possible -9.0155548 (1.42 seconds)
Cbc0010I After 14500 nodes, 2392 on tree, -9.0155223 best solution, best possible -9.0155547 (1.43 seconds)
Cbc0010I After 14600 nodes, 2407 on tree, -9.0155223 best solution, best possible -9.0155545 (1.44 seconds)
Cbc0010I After 14700 nodes, 2414 on tree, -9.0155223 best solution, best possible -9.0155544 (1.45 seconds)
Cbc0010I After 14800 nodes, 2423 on tree, -9.0155223 best solution, best possible -9.0155543 (1.46 seconds)
Cbc0010I After 14900 nodes, 2430 on tree, -9.0155223 best solution, best possible -9.0155541 (1.47 seconds)
Cbc0010I After 15000 nodes, 2443 on tree, -9.0155223 best solution, best possible -9.015554 (1.48 seconds)
Cbc0010I After 15100 nodes, 2454 on tree, -9.0155223 best solution, best possible -9.0155539 (1.49 seconds)
Cbc0010I After 15200 nodes, 2468 on tree, -9.0155223 best solution, best possible -9.0155537 (1.50 seconds)
Cbc0010I After 15300 nodes, 2474 on tree, -9.0155223 best solution, best possible -9.0155536 (1.51 seconds)
Cbc0010I After 15400 nodes, 2482 on tree, -9.0155223 best solution, best possible -9.0155535 (1.52 seconds)
Cbc0010I After 15500 nodes, 2495 on tree, -9.0155223 best solution, best possible -9.0155534 (1.53 seconds)
Cbc0010I After 15600 nodes, 2504 on tree, -9.0155223 best solution, best possible -9.0155533 (1.54 seconds)
Cbc0010I After 15700 nodes, 2515 on tree, -9.0155223 best solution, best possible -9.0155532 (1.55 seconds)
Cbc0010I After 15800 nodes, 2526 on tree, -9.0155223 best solution, best possible -9.015553 (1.56 seconds)
Cbc0010I After 15900 nodes, 2533 on tree, -9.0155223 best solution, best possible -9.0155528 (1.56 seconds)
Cbc0010I After 16000 nodes, 2547 on tree, -9.0155223 best solution, best possible -9.0155527 (1.57 seconds)
Cbc0010I After 16100 nodes, 2554 on tree, -9.0155223 best solution, best possible -9.0155526 (1.58 seconds)
Cbc0010I After 16200 nodes, 2561 on tree, -9.0155223 best solution, best possible -9.0155525 (1.59 seconds)
Cbc0010I After 16300 nodes, 2571 on tree, -9.0155223 best solution, best possible -9.0155524 (1.60 seconds)
Cbc0010I After 16400 nodes, 2574 on tree, -9.0155223 best solution, best possible -9.0155523 (1.61 seconds)
Cbc0010I After 16500 nodes, 2582 on tree, -9.0155223 best solution, best possible -9.0155522 (1.62 seconds)
Cbc0010I After 16600 nodes, 2596 on tree, -9.0155223 best solution, best possible -9.015552 (1.63 seconds)
Cbc0010I After 16700 nodes, 2602 on tree, -9.0155223 best solution, best possible -9.0155519 (1.64 seconds)
Cbc0010I After 16800 nodes, 2610 on tree, -9.0155223 best solution, best possible -9.0155518 (1.65 seconds)
Cbc0010I After 16900 nodes, 2620 on tree, -9.0155223 best solution, best possible -9.0155517 (1.66 seconds)
Cbc0010I After 17000 nodes, 2626 on tree, -9.0155223 best solution, best possible -9.0155516 (1.67 seconds)
Cbc0010I After 17100 nodes, 2634 on tree, -9.0155223 best solution, best possible -9.0155515 (1.68 seconds)
Cbc0010I After 17200 nodes, 2645 on tree, -9.0155223 best solution, best possible -9.0155514 (1.69 seconds)
Cbc0010I After 17300 nodes, 2652 on tree, -9.0155223 best solution, best possible -9.0155513 (1.70 seconds)
Cbc0010I After 17400 nodes, 2661 on tree, -9.0155223 best solution, best possible -9.0155512 (1.70 seconds)
Cbc0010I After 17500 nodes, 2669 on tree, -9.0155223 best solution, best possible -9.0155511 (1.71 seconds)
Cbc0010I After 17600 nodes, 2673 on tree, -9.0155223 best solution, best possible -9.0155511 (1.72 seconds)
Cbc0010I After 17700 nodes, 2679 on tree, -9.0155223 best solution, best possible -9.0155509 (1.73 seconds)
Cbc0010I After 17800 nodes, 2688 on tree, -9.0155223 best solution, best possible -9.0155508 (1.74 seconds)
Cbc0010I After 17900 nodes, 2696 on tree, -9.0155223 best solution, best possible -9.0155507 (1.75 seconds)
Cbc0010I After 18000 nodes, 2706 on tree, -9.0155223 best solution, best possible -9.0155507 (1.76 seconds)
Cbc0010I After 18100 nodes, 2713 on tree, -9.0155223 best solution, best possible -9.0155505 (1.77 seconds)
Cbc0010I After 18200 nodes, 2721 on tree, -9.0155223 best solution, best possible -9.0155504 (1.78 seconds)
Cbc0010I After 18300 nodes, 2728 on tree, -9.0155223 best solution, best possible -9.0155503 (1.79 seconds)
Cbc0010I After 18400 nodes, 2732 on tree, -9.0155223 best solution, best possible -9.0155502 (1.80 seconds)
Cbc0010I After 18500 nodes, 2739 on tree, -9.0155223 best solution, best possible -9.0155501 (1.81 seconds)
Cbc0010I After 18600 nodes, 2743 on tree, -9.0155223 best solution, best possible -9.01555 (1.81 seconds)
Cbc0010I After 18700 nodes, 2751 on tree, -9.0155223 best solution, best possible -9.0155499 (1.82 seconds)
Cbc0010I After 18800 nodes, 2756 on tree, -9.0155223 best solution, best possible -9.0155498 (1.84 seconds)
Cbc0010I After 18900 nodes, 2763 on tree, -9.0155223 best solution, best possible -9.0155497 (1.85 seconds)
Cbc0010I After 19000 nodes, 2778 on tree, -9.0155223 best solution, best possible -9.0155496 (1.86 seconds)
Cbc0010I After 19100 nodes, 2781 on tree, -9.0155223 best solution, best possible -9.0155495 (1.87 seconds)
Cbc0010I After 19200 nodes, 2784 on tree, -9.0155223 best solution, best possible -9.0155494 (1.87 seconds)
Cbc0010I After 19300 nodes, 2790 on tree, -9.0155223 best solution, best possible -9.0155493 (1.88 seconds)
Cbc0010I After 19400 nodes, 2796 on tree, -9.0155223 best solution, best possible -9.0155492 (1.90 seconds)
Cbc0010I After 19500 nodes, 2805 on tree, -9.0155223 best solution, best possible -9.015549 (1.90 seconds)
Cbc0010I After 19600 nodes, 2809 on tree, -9.0155223 best solution, best possible -9.015549 (1.91 seconds)
Cbc0010I After 19700 nodes, 2817 on tree, -9.0155223 best solution, best possible -9.0155488 (1.92 seconds)
Cbc0010I After 19800 nodes, 2822 on tree, -9.0155223 best solution, best possible -9.0155487 (1.93 seconds)
Cbc0010I After 19900 nodes, 2825 on tree, -9.0155223 best solution, best possible -9.0155487 (1.94 seconds)
Cbc0010I After 20000 nodes, 2826 on tree, -9.0155223 best solution, best possible -9.0155486 (1.95 seconds)
Cbc0010I After 20100 nodes, 2828 on tree, -9.0155223 best solution, best possible -9.0155486 (1.95 seconds)
Cbc0010I After 20200 nodes, 2837 on tree, -9.0155223 best solution, best possible -9.0155485 (1.96 seconds)
Cbc0010I After 20300 nodes, 2843 on tree, -9.0155223 best solution, best possible -9.0155484 (1.97 seconds)
Cbc0010I After 20400 nodes, 2850 on tree, -9.0155223 best solution, best possible -9.0155483 (1.98 seconds)
Cbc0010I After 20500 nodes, 2858 on tree, -9.0155223 best solution, best possible -9.0155482 (1.99 seconds)
Cbc0010I After 20600 nodes, 2861 on tree, -9.0155223 best solution, best possible -9.0155481 (2.00 seconds)
Cbc0010I After 20700 nodes, 2865 on tree, -9.0155223 best solution, best possible -9.015548 (2.01 seconds)
Cbc0010I After 20800 nodes, 2876 on tree, -9.0155223 best solution, best possible -9.0155479 (2.02 seconds)
Cbc0010I After 20900 nodes, 2876 on tree, -9.0155223 best solution, best possible -9.0155479 (2.02 seconds)
Cbc0010I After 21000 nodes, 2878 on tree, -9.0155223 best solution, best possible -9.0155479 (2.03 seconds)
Cbc0010I After 21100 nodes, 2877 on tree, -9.0155223 best solution, best possible -9.0155478 (2.04 seconds)
Cbc0010I After 21200 nodes, 2884 on tree, -9.0155223 best solution, best possible -9.0155478 (2.05 seconds)
Cbc0010I After 21300 nodes, 2890 on tree, -9.0155223 best solution, best possible -9.0155477 (2.05 seconds)
Cbc0010I After 21400 nodes, 2895 on tree, -9.0155223 best solution, best possible -9.0155476 (2.06 seconds)
Cbc0010I After 21500 nodes, 2897 on tree, -9.0155223 best solution, best possible -9.0155475 (2.07 seconds)
Cbc0010I After 21600 nodes, 2900 on tree, -9.0155223 best solution, best possible -9.0155474 (2.08 seconds)
Cbc0010I After 21700 nodes, 2882 on tree, -9.0155223 best solution, best possible -9.0155474 (2.08 seconds)
Cbc0010I After 21800 nodes, 2873 on tree, -9.0155223 best solution, best possible -9.0155473 (2.09 seconds)
Cbc0010I After 21900 nodes, 2867 on tree, -9.0155223 best solution, best possible -9.0155472 (2.10 seconds)
Cbc0010I After 22000 nodes, 2873 on tree, -9.0155223 best solution, best possible -9.0155471 (2.10 seconds)
Cbc0010I After 22100 nodes, 2872 on tree, -9.0155223 best solution, best possible -9.0155471 (2.11 seconds)
Cbc0010I After 22200 nodes, 2875 on tree, -9.0155223 best solution, best possible -9.015547 (2.12 seconds)
Cbc0010I After 22300 nodes, 2875 on tree, -9.0155223 best solution, best possible -9.0155469 (2.13 seconds)
Cbc0010I After 22400 nodes, 2874 on tree, -9.0155223 best solution, best possible -9.0155469 (2.13 seconds)
Cbc0010I After 22500 nodes, 2874 on tree, -9.0155223 best solution, best possible -9.0155467 (2.14 seconds)
Cbc0010I After 22600 nodes, 2874 on tree, -9.0155223 best solution, best possible -9.0155466 (2.15 seconds)
Cbc0010I After 22700 nodes, 2868 on tree, -9.0155223 best solution, best possible -9.0155466 (2.16 seconds)
Cbc0010I After 22800 nodes, 2850 on tree, -9.0155223 best solution, best possible -9.0155465 (2.16 seconds)
Cbc0010I After 22900 nodes, 2836 on tree, -9.0155223 best solution, best possible -9.0155465 (2.17 seconds)
Cbc0010I After 23000 nodes, 2835 on tree, -9.0155223 best solution, best possible -9.0155464 (2.17 seconds)
Cbc0010I After 23100 nodes, 2829 on tree, -9.0155223 best solution, best possible -9.0155463 (2.18 seconds)
Cbc0010I After 23200 nodes, 2828 on tree, -9.0155223 best solution, best possible -9.0155462 (2.19 seconds)
Cbc0010I After 23300 nodes, 2818 on tree, -9.0155223 best solution, best possible -9.0155461 (2.19 seconds)
Cbc0010I After 23400 nodes, 2820 on tree, -9.0155223 best solution, best possible -9.0155459 (2.20 seconds)
Cbc0010I After 23500 nodes, 2818 on tree, -9.0155223 best solution, best possible -9.0155458 (2.21 seconds)
Cbc0010I After 23600 nodes, 2804 on tree, -9.0155223 best solution, best possible -9.0155457 (2.22 seconds)
Cbc0010I After 23700 nodes, 2791 on tree, -9.0155223 best solution, best possible -9.0155456 (2.22 seconds)
Cbc0010I After 23800 nodes, 2781 on tree, -9.0155223 best solution, best possible -9.0155455 (2.23 seconds)
Cbc0010I After 23900 nodes, 2782 on tree, -9.0155223 best solution, best possible -9.0155453 (2.24 seconds)
Cbc0010I After 24000 nodes, 2787 on tree, -9.0155223 best solution, best possible -9.0155451 (2.25 seconds)
Cbc0010I After 24100 nodes, 2780 on tree, -9.0155223 best solution, best possible -9.0155449 (2.26 seconds)
Cbc0010I After 24200 nodes, 2773 on tree, -9.0155223 best solution, best possible -9.0155447 (2.27 seconds)
Cbc0010I After 24300 nodes, 2771 on tree, -9.0155223 best solution, best possible -9.0155445 (2.28 seconds)
Cbc0010I After 24400 nodes, 2769 on tree, -9.0155223 best solution, best possible -9.0155443 (2.29 seconds)
Cbc0010I After 24500 nodes, 2771 on tree, -9.0155223 best solution, best possible -9.0155441 (2.30 seconds)
Cbc0010I After 24600 nodes, 2766 on tree, -9.0155223 best solution, best possible -9.0155439 (2.31 seconds)
Cbc0010I After 24700 nodes, 2757 on tree, -9.0155223 best solution, best possible -9.0155438 (2.31 seconds)
Cbc0010I After 24800 nodes, 2748 on tree, -9.0155223 best solution, best possible -9.0155436 (2.32 seconds)
Cbc0010I After 24900 nodes, 2744 on tree, -9.0155223 best solution, best possible -9.0155434 (2.33 seconds)
Cbc0010I After 25000 nodes, 2749 on tree, -9.0155223 best solution, best possible -9.0155433 (2.34 seconds)
Cbc0010I After 25100 nodes, 2744 on tree, -9.0155223 best solution, best possible -9.0155432 (2.35 seconds)
Cbc0010I After 25200 nodes, 2734 on tree, -9.0155223 best solution, best possible -9.0155431 (2.35 seconds)
Cbc0010I After 25300 nodes, 2736 on tree, -9.0155223 best solution, best possible -9.015543 (2.36 seconds)
Cbc0010I After 25400 nodes, 2739 on tree, -9.0155223 best solution, best possible -9.0155428 (2.37 seconds)
Cbc0010I After 25500 nodes, 2733 on tree, -9.0155223 best solution, best possible -9.0155427 (2.38 seconds)
Cbc0010I After 25600 nodes, 2726 on tree, -9.0155223 best solution, best possible -9.0155426 (2.38 seconds)
Cbc0010I After 25700 nodes, 2720 on tree, -9.0155223 best solution, best possible -9.0155426 (2.39 seconds)
Cbc0010I After 25800 nodes, 2714 on tree, -9.0155223 best solution, best possible -9.0155425 (2.40 seconds)
Cbc0010I After 25900 nodes, 2701 on tree, -9.0155223 best solution, best possible -9.0155424 (2.41 seconds)
Cbc0010I After 26000 nodes, 2691 on tree, -9.0155223 best solution, best possible -9.0155423 (2.41 seconds)
Cbc0010I After 26100 nodes, 2697 on tree, -9.0155223 best solution, best possible -9.0155422 (2.42 seconds)
Cbc0010I After 26200 nodes, 2685 on tree, -9.0155223 best solution, best possible -9.0155421 (2.43 seconds)
Cbc0010I After 26300 nodes, 2681 on tree, -9.0155223 best solution, best possible -9.015542 (2.44 seconds)
Cbc0010I After 26400 nodes, 2673 on tree, -9.0155223 best solution, best possible -9.0155419 (2.44 seconds)
Cbc0010I After 26500 nodes, 2659 on tree, -9.0155223 best solution, best possible -9.0155418 (2.45 seconds)
Cbc0010I After 26600 nodes, 2657 on tree, -9.0155223 best solution, best possible -9.0155417 (2.46 seconds)
Cbc0010I After 26700 nodes, 2648 on tree, -9.0155223 best solution, best possible -9.0155416 (2.47 seconds)
Cbc0010I After 26800 nodes, 2637 on tree, -9.0155223 best solution, best possible -9.0155415 (2.47 seconds)
Cbc0010I After 26900 nodes, 2632 on tree, -9.0155223 best solution, best possible -9.0155414 (2.48 seconds)
Cbc0010I After 27000 nodes, 2627 on tree, -9.0155223 best solution, best possible -9.0155413 (2.49 seconds)
Cbc0010I After 27100 nodes, 2624 on tree, -9.0155223 best solution, best possible -9.0155412 (2.49 seconds)
Cbc0010I After 27200 nodes, 2613 on tree, -9.0155223 best solution, best possible -9.0155411 (2.50 seconds)
Cbc0010I After 27300 nodes, 2600 on tree, -9.0155223 best solution, best possible -9.015541 (2.51 seconds)
Cbc0010I After 27400 nodes, 2593 on tree, -9.0155223 best solution, best possible -9.015541 (2.52 seconds)
Cbc0010I After 27500 nodes, 2583 on tree, -9.0155223 best solution, best possible -9.0155409 (2.52 seconds)
Cbc0010I After 27600 nodes, 2571 on tree, -9.0155223 best solution, best possible -9.0155408 (2.53 seconds)
Cbc0010I After 27700 nodes, 2566 on tree, -9.0155223 best solution, best possible -9.0155407 (2.54 seconds)
Cbc0010I After 27800 nodes, 2557 on tree, -9.0155223 best solution, best possible -9.0155406 (2.55 seconds)
Cbc0010I After 27900 nodes, 2546 on tree, -9.0155223 best solution, best possible -9.0155405 (2.55 seconds)
Cbc0010I After 28000 nodes, 2537 on tree, -9.0155223 best solution, best possible -9.0155404 (2.56 seconds)
Cbc0010I After 28100 nodes, 2530 on tree, -9.0155223 best solution, best possible -9.0155403 (2.57 seconds)
Cbc0010I After 28200 nodes, 2516 on tree, -9.0155223 best solution, best possible -9.0155402 (2.58 seconds)
Cbc0010I After 28300 nodes, 2500 on tree, -9.0155223 best solution, best possible -9.0155402 (2.59 seconds)
Cbc0010I After 28400 nodes, 2495 on tree, -9.0155223 best solution, best possible -9.0155401 (2.59 seconds)
Cbc0010I After 28500 nodes, 2488 on tree, -9.0155223 best solution, best possible -9.01554 (2.60 seconds)
Cbc0010I After 28600 nodes, 2485 on tree, -9.0155223 best solution, best possible -9.0155399 (2.61 seconds)
Cbc0010I After 28700 nodes, 2472 on tree, -9.0155223 best solution, best possible -9.0155397 (2.62 seconds)
Cbc0010I After 28800 nodes, 2462 on tree, -9.0155223 best solution, best possible -9.0155397 (2.63 seconds)
Cbc0010I After 28900 nodes, 2449 on tree, -9.0155223 best solution, best possible -9.0155395 (2.63 seconds)
Cbc0010I After 29000 nodes, 2441 on tree, -9.0155223 best solution, best possible -9.0155394 (2.64 seconds)
Cbc0010I After 29100 nodes, 2425 on tree, -9.0155223 best solution, best possible -9.0155393 (2.65 seconds)
Cbc0010I After 29200 nodes, 2415 on tree, -9.0155223 best solution, best possible -9.0155393 (2.66 seconds)
Cbc0010I After 29300 nodes, 2395 on tree, -9.0155223 best solution, best possible -9.0155392 (2.66 seconds)
Cbc0010I After 29400 nodes, 2389 on tree, -9.0155223 best solution, best possible -9.0155391 (2.67 seconds)
Cbc0010I After 29500 nodes, 2373 on tree, -9.0155223 best solution, best possible -9.015539 (2.68 seconds)
Cbc0010I After 29600 nodes, 2351 on tree, -9.0155223 best solution, best possible -9.0155389 (2.69 seconds)
Cbc0010I After 29700 nodes, 2336 on tree, -9.0155223 best solution, best possible -9.0155388 (2.69 seconds)
Cbc0010I After 29800 nodes, 2311 on tree, -9.0155223 best solution, best possible -9.0155388 (2.70 seconds)
Cbc0010I After 29900 nodes, 2292 on tree, -9.0155223 best solution, best possible -9.0155388 (2.70 seconds)
Cbc0010I After 30000 nodes, 2281 on tree, -9.0155223 best solution, best possible -9.0155387 (2.71 seconds)
Cbc0010I After 30100 nodes, 2264 on tree, -9.0155223 best solution, best possible -9.0155386 (2.72 seconds)
Cbc0010I After 30200 nodes, 2251 on tree, -9.0155223 best solution, best possible -9.0155386 (2.72 seconds)
Cbc0010I After 30300 nodes, 2233 on tree, -9.0155223 best solution, best possible -9.0155385 (2.73 seconds)
Cbc0010I After 30400 nodes, 2213 on tree, -9.0155223 best solution, best possible -9.0155384 (2.74 seconds)
Cbc0010I After 30500 nodes, 2194 on tree, -9.0155223 best solution, best possible -9.0155383 (2.74 seconds)
Cbc0010I After 30600 nodes, 2170 on tree, -9.0155223 best solution, best possible -9.0155383 (2.75 seconds)
Cbc0010I After 30700 nodes, 2148 on tree, -9.0155223 best solution, best possible -9.0155383 (2.76 seconds)
Cbc0010I After 30800 nodes, 2131 on tree, -9.0155223 best solution, best possible -9.0155383 (2.76 seconds)
Cbc0010I After 30900 nodes, 2111 on tree, -9.0155223 best solution, best possible -9.0155382 (2.77 seconds)
Cbc0010I After 31000 nodes, 2089 on tree, -9.0155223 best solution, best possible -9.0155381 (2.78 seconds)
Cbc0010I After 31100 nodes, 2069 on tree, -9.0155223 best solution, best possible -9.0155381 (2.78 seconds)
Cbc0010I After 31200 nodes, 2045 on tree, -9.0155223 best solution, best possible -9.015538 (2.79 seconds)
Cbc0010I After 31300 nodes, 2018 on tree, -9.0155223 best solution, best possible -9.0155379 (2.80 seconds)
Cbc0010I After 31400 nodes, 1995 on tree, -9.0155223 best solution, best possible -9.0155378 (2.80 seconds)
Cbc0010I After 31500 nodes, 1977 on tree, -9.0155223 best solution, best possible -9.0155377 (2.81 seconds)
Cbc0010I After 31600 nodes, 1943 on tree, -9.0155223 best solution, best possible -9.0155376 (2.81 seconds)
Cbc0010I After 31700 nodes, 1931 on tree, -9.0155223 best solution, best possible -9.0155375 (2.82 seconds)
Cbc0010I After 31800 nodes, 1887 on tree, -9.0155223 best solution, best possible -9.0155375 (2.82 seconds)
Cbc0010I After 31900 nodes, 1862 on tree, -9.0155223 best solution, best possible -9.0155374 (2.83 seconds)
Cbc0010I After 32000 nodes, 1833 on tree, -9.0155223 best solution, best possible -9.0155373 (2.84 seconds)
Cbc0010I After 32100 nodes, 1814 on tree, -9.0155223 best solution, best possible -9.0155372 (2.84 seconds)
Cbc0010I After 32200 nodes, 1789 on tree, -9.0155223 best solution, best possible -9.0155372 (2.85 seconds)
Cbc0010I After 32300 nodes, 1770 on tree, -9.0155223 best solution, best possible -9.0155371 (2.86 seconds)
Cbc0010I After 32400 nodes, 1728 on tree, -9.0155223 best solution, best possible -9.015537 (2.86 seconds)
Cbc0010I After 32500 nodes, 1702 on tree, -9.0155223 best solution, best possible -9.0155369 (2.87 seconds)
Cbc0010I After 32600 nodes, 1671 on tree, -9.0155223 best solution, best possible -9.0155369 (2.87 seconds)
Cbc0010I After 32700 nodes, 1645 on tree, -9.0155223 best solution, best possible -9.0155368 (2.88 seconds)
Cbc0010I After 32800 nodes, 1625 on tree, -9.0155223 best solution, best possible -9.0155367 (2.89 seconds)
Cbc0010I After 32900 nodes, 1616 on tree, -9.0155223 best solution, best possible -9.0155365 (2.89 seconds)
Cbc0010I After 33000 nodes, 1587 on tree, -9.0155223 best solution, best possible -9.0155365 (2.90 seconds)
Cbc0010I After 33100 nodes, 1564 on tree, -9.0155223 best solution, best possible -9.0155364 (2.91 seconds)
Cbc0010I After 33200 nodes, 1541 on tree, -9.0155223 best solution, best possible -9.0155363 (2.91 seconds)
Cbc0010I After 33300 nodes, 1528 on tree, -9.0155223 best solution, best possible -9.0155361 (2.92 seconds)
Cbc0010I After 33400 nodes, 1518 on tree, -9.0155223 best solution, best possible -9.015536 (2.93 seconds)
Cbc0010I After 33500 nodes, 1510 on tree, -9.0155223 best solution, best possible -9.0155359 (2.94 seconds)
Cbc0010I After 33600 nodes, 1485 on tree, -9.0155223 best solution, best possible -9.0155358 (2.94 seconds)
Cbc0010I After 33700 nodes, 1462 on tree, -9.0155223 best solution, best possible -9.0155357 (2.95 seconds)
Cbc0010I After 33800 nodes, 1456 on tree, -9.0155223 best solution, best possible -9.0155355 (2.96 seconds)
Cbc0010I After 33900 nodes, 1447 on tree, -9.0155223 best solution, best possible -9.0155354 (2.97 seconds)
Cbc0010I After 34000 nodes, 1426 on tree, -9.0155223 best solution, best possible -9.0155353 (2.97 seconds)
Cbc0010I After 34100 nodes, 1403 on tree, -9.0155223 best solution, best possible -9.0155352 (2.98 seconds)
Cbc0010I After 34200 nodes, 1381 on tree, -9.0155223 best solution, best possible -9.0155351 (2.99 seconds)
Cbc0010I After 34300 nodes, 1365 on tree, -9.0155223 best solution, best possible -9.015535 (2.99 seconds)
Cbc0010I After 34400 nodes, 1344 on tree, -9.0155223 best solution, best possible -9.0155349 (3.00 seconds)
Cbc0010I After 34500 nodes, 1322 on tree, -9.0155223 best solution, best possible -9.0155348 (3.01 seconds)
Cbc0010I After 34600 nodes, 1304 on tree, -9.0155223 best solution, best possible -9.0155347 (3.01 seconds)
Cbc0010I After 34700 nodes, 1276 on tree, -9.0155223 best solution, best possible -9.0155346 (3.02 seconds)
Cbc0010I After 34800 nodes, 1264 on tree, -9.0155223 best solution, best possible -9.0155345 (3.03 seconds)
Cbc0010I After 34900 nodes, 1238 on tree, -9.0155223 best solution, best possible -9.0155344 (3.03 seconds)
Cbc0010I After 35000 nodes, 1205 on tree, -9.0155223 best solution, best possible -9.0155343 (3.04 seconds)
Cbc0010I After 35100 nodes, 1174 on tree, -9.0155223 best solution, best possible -9.0155342 (3.05 seconds)
Cbc0010I After 35200 nodes, 1154 on tree, -9.0155223 best solution, best possible -9.0155341 (3.06 seconds)
Cbc0010I After 35300 nodes, 1128 on tree, -9.0155223 best solution, best possible -9.015534 (3.06 seconds)
Cbc0010I After 35400 nodes, 1099 on tree, -9.0155223 best solution, best possible -9.0155339 (3.07 seconds)
Cbc0010I After 35500 nodes, 1073 on tree, -9.0155223 best solution, best possible -9.0155339 (3.07 seconds)
Cbc0010I After 35600 nodes, 1043 on tree, -9.0155223 best solution, best possible -9.0155338 (3.08 seconds)
Cbc0010I After 35700 nodes, 1012 on tree, -9.0155223 best solution, best possible -9.0155337 (3.08 seconds)
Cbc0010I After 35800 nodes, 987 on tree, -9.0155223 best solution, best possible -9.0155336 (3.09 seconds)
Cbc0010I After 35900 nodes, 954 on tree, -9.0155223 best solution, best possible -9.0155335 (3.10 seconds)
Cbc0010I After 36000 nodes, 921 on tree, -9.0155223 best solution, best possible -9.0155335 (3.10 seconds)
Cbc0010I After 36100 nodes, 890 on tree, -9.0155223 best solution, best possible -9.0155334 (3.11 seconds)
Cbc0010I After 36200 nodes, 854 on tree, -9.0155223 best solution, best possible -9.0155333 (3.11 seconds)
Cbc0010I After 36300 nodes, 815 on tree, -9.0155223 best solution, best possible -9.0155333 (3.12 seconds)
Cbc0010I After 36400 nodes, 778 on tree, -9.0155223 best solution, best possible -9.0155332 (3.12 seconds)
Cbc0010I After 36500 nodes, 743 on tree, -9.0155223 best solution, best possible -9.0155331 (3.13 seconds)
Cbc0010I After 36600 nodes, 699 on tree, -9.0155223 best solution, best possible -9.015533 (3.13 seconds)
Cbc0010I After 36700 nodes, 654 on tree, -9.0155223 best solution, best possible -9.015533 (3.14 seconds)
Cbc0010I After 36800 nodes, 617 on tree, -9.0155223 best solution, best possible -9.0155329 (3.14 seconds)
Cbc0010I After 36900 nodes, 583 on tree, -9.0155223 best solution, best possible -9.0155328 (3.15 seconds)
Cbc0010I After 37000 nodes, 538 on tree, -9.0155223 best solution, best possible -9.0155328 (3.15 seconds)
Cbc0010I After 37100 nodes, 495 on tree, -9.0155223 best solution, best possible -9.0155327 (3.15 seconds)
Cbc0010I After 37200 nodes, 450 on tree, -9.0155223 best solution, best possible -9.0155327 (3.16 seconds)
Cbc0010I After 37300 nodes, 404 on tree, -9.0155223 best solution, best possible -9.0155327 (3.16 seconds)
Cbc0010I After 37400 nodes, 359 on tree, -9.0155223 best solution, best possible -9.0155326 (3.17 seconds)
Cbc0010I After 37500 nodes, 317 on tree, -9.0155223 best solution, best possible -9.0155326 (3.17 seconds)
Cbc0010I After 37600 nodes, 270 on tree, -9.0155223 best solution, best possible -9.0155325 (3.17 seconds)
Cbc0010I After 37700 nodes, 227 on tree, -9.0155223 best solution, best possible -9.0155325 (3.18 seconds)
Cbc0010I After 37800 nodes, 179 on tree, -9.0155223 best solution, best possible -9.0155324 (3.18 seconds)
Cbc0010I After 37900 nodes, 131 on tree, -9.0155223 best solution, best possible -9.0155324 (3.19 seconds)
Cbc0010I After 38000 nodes, 85 on tree, -9.0155223 best solution, best possible -9.0155324 (3.19 seconds)
Cbc0010I After 38100 nodes, 41 on tree, -9.0155223 best solution, best possible -9.0155323 (3.19 seconds)
Cbc0001I Search completed - best objective -9.015522264413105, took 27141 iterations and 38188 nodes (3.20 seconds)
Cbc0035I Maximum depth 32, 0 variables fixed on reduced cost

 	"Finished"

Linearization cuts added at root node:         36
Linearization cuts added in total:             36  (separation time: 7.2e-05s)
Total solve time:                         3.19797s (3.19797s in branch-and-bound)
Lower bound:                             -9.01552
Upper bound:                             -9.01552  (gap: 0.00%)
Branch-and-bound nodes:                     38188
Performance of                           FBBT:	   0.169578s,    20642 runs. fix:          0 shrnk:   0.362188 ubd:          0 2ubd:          0 infeas:          1
Performance of                           OBBT:	    0.00409s,        5 runs. fix:          0 shrnk:   0.611071 ubd:          0 2ubd:          0 infeas:          0

couenne: Optimal
